<?xml version="1.0" encoding="UTF-8"?>
<!-- Generated by org.testng.reporters.JUnitReportReporter -->
<testsuite hostname="DESKTOP-LRFV9J8" failures="0" tests="2" name="DemoPackage.AnnotationClass" time="11.205" errors="0" timestamp="15 Jun 2023 04:45:21 GMT" skipped="0">
  <testcase classname="DemoPackage.AnnotationClass" name="test1" time="7.941"/>
  <testcase classname="DemoPackage.AnnotationClass" name="test2" time="3.264"/>
</testsuite> <!-- DemoPackage.AnnotationClass -->
