<?xml version="1.0" encoding="UTF-8"?>
<!-- Generated by org.testng.reporters.JUnitReportReporter -->
<testsuite hostname="DESKTOP-LRFV9J8" failures="0" tests="1" name="Login_Module.TC_Product" time="61.122" errors="0" timestamp="2023-06-28T09:16:27 IST" skipped="0">
  <testcase classname="Login_Module.TC_Product" name="ValidatingProducts" time="61.122"/>
  <system-out/>
</testsuite> <!-- Login_Module.TC_Product -->
