<?xml version="1.0" encoding="UTF-8"?>
<!-- Generated by org.testng.reporters.JUnitReportReporter -->
<testsuite hostname="DESKTOP-LRFV9J8" failures="0" tests="2" name="DataProvidre.DataProviderClass" time="0.017" errors="0" timestamp="2023-06-17T10:02:20 IST" skipped="0">
  <testcase classname="DataProvidre.DataProviderClass" name="M2" time="0.014"/>
  <system-out/>
  <testcase classname="DataProvidre.DataProviderClass" name="M2" time="0.003"/>
  <system-out/>
</testsuite> <!-- DataProvidre.DataProviderClass -->
