<?xml version="1.0" encoding="UTF-8"?>
<!-- Generated by org.testng.reporters.JUnitReportReporter -->
<testsuite hostname="DESKTOP-LRFV9J8" failures="0" tests="1" name="Login_Module.TestCase_LeadsPage" time="18.112" errors="0" timestamp="2023-06-27T15:51:08 IST" skipped="0">
  <testcase classname="Login_Module.TestCase_LeadsPage" name="ValidatingLeadsPage" time="18.112"/>
  <system-out/>
</testsuite> <!-- Login_Module.TestCase_LeadsPage -->
