<?xml version="1.0" encoding="UTF-8"?>
<!-- Generated by org.testng.reporters.JUnitReportReporter -->
<testsuite hostname="DESKTOP-LRFV9J8" failures="0" tests="1" name="Login_Module.TC_DeleteLeads" time="6.536" errors="0" timestamp="2023-06-27T15:51:08 IST" skipped="0">
  <testcase classname="Login_Module.TC_DeleteLeads" name="ValidatingDeleteLeads" time="6.536"/>
  <system-out/>
</testsuite> <!-- Login_Module.TC_DeleteLeads -->
