<?xml version="1.0" encoding="UTF-8"?>
<!-- Generated by org.testng.reporters.JUnitReportReporter -->
<testsuite hostname="DESKTOP-LRFV9J8" failures="0" tests="1" name="Login_Module.TestCase_1CreatingOrganization" time="21.648" errors="0" timestamp="2023-06-26T20:25:26 IST" skipped="0">
  <testcase classname="Login_Module.TestCase_1CreatingOrganization" name="validatingOrganization" time="21.648"/>
  <system-out/>
</testsuite> <!-- Login_Module.TestCase_1CreatingOrganization -->
