<?xml version="1.0" encoding="UTF-8"?>
<!-- Generated by org.testng.reporters.JUnitReportReporter -->
<testsuite hostname="DESKTOP-LRFV9J8" failures="0" tests="1" name="Login_Module.TC_5Product_Test" time="60.420" errors="0" timestamp="2023-07-13T11:33:12 IST" skipped="0">
  <testcase classname="Login_Module.TC_5Product_Test" name="ValidatingProducts" time="60.420"/>
  <system-out/>
</testsuite> <!-- Login_Module.TC_5Product_Test -->
