<?xml version="1.0" encoding="UTF-8"?>
<!-- Generated by org.testng.reporters.JUnitReportReporter -->
<testsuite hostname="DESKTOP-LRFV9J8" failures="0" tests="2" name="DataProvidre.DataProviderClass" time="0.026" errors="0" timestamp="2023-07-13T11:33:12 IST" skipped="0">
  <testcase classname="DataProvidre.DataProviderClass" name="M2" time="0.022"/>
  <system-out/>
  <testcase classname="DataProvidre.DataProviderClass" name="M2" time="0.004"/>
  <system-out/>
</testsuite> <!-- DataProvidre.DataProviderClass -->
