<?xml version="1.0" encoding="UTF-8"?>
<!-- Generated by org.testng.reporters.JUnitReportReporter -->
<testsuite hostname="DESKTOP-LRFV9J8" failures="0" tests="1" name="Login_Module.TestCase_2CreatingOrganization" time="33.188" errors="0" timestamp="2023-07-01T15:55:15 IST" skipped="0">
  <testcase classname="Login_Module.TestCase_2CreatingOrganization" name="validatingOrganization" time="33.188"/>
  <system-out/>
</testsuite> <!-- Login_Module.TestCase_2CreatingOrganization -->
